%MSG%MSG-i ThreadStreamSetup-i:  ThreadStreamSetup :  (NoModuleName) (NoModuleName) 17-Jan-2021 17:19:51 CET 17-Jan-2021 17:19:51 CET pre-events
pre-eventssetting # threads 
8
setting # streams setting # threads 88
%MSG
setting # streams 
8
%MSG
%MSG-i ThreadStreamSetup:  (NoModuleName) 17-Jan-2021 17:19:51 CET pre-events
setting # threads 8
setting # streams 8
%MSG
%MSG-i ThreadStreamSetup:  (NoModuleName) 17-Jan-2021 17:19:51 CET pre-events
setting # threads 8
setting # streams 8
%MSG
%MSG-i ThreadStreamSetup:  (NoModuleName) %MSG17-Jan-2021 17:19:51 CET pre-events
setting # threads 8
setting # streams 8-i
%MSG 
ThreadStreamSetup:  (NoModuleName) 17-Jan-2021 17:19:51 CET pre-events
setting # threads 8
setting # streams 8
%MSG
%MSG-i ThreadStreamSetup:  (NoModuleName) 17-Jan-2021 17:19:51 CET pre-events
setting # threads 8
setting # streams 8
%MSG
%MSG-i ThreadStreamSetup:  (NoModuleName) 17-Jan-2021 17:19:51 CET pre-events
setting # threads 8
setting # streams 8
%MSG
%MSG%MSG%MSG%MSG-i-i-i   ThreadStreamSetup-iThreadStreamSetupThreadStreamSetup:   : : ThreadStreamSetup(NoModuleName)   : (NoModuleName) (NoModuleName)  (NoModuleName) 17-Jan-2021 21:03:08 CET pre-events
17-Jan-2021 21:03:08 CET setting # threads 17-Jan-2021 21:03:08 CET pre-events817-Jan-2021 21:03:08 CET pre-events

setting # streams pre-events
8setting # threads 
setting # threads 
%MSG8setting # threads 8

setting # streams 8
setting # streams 8
setting # streams 8
%MSG8
%MSG

%MSG

%MSG-i ThreadStreamSetup:  (NoModuleName) 17-Jan-2021 21:03:08 CET pre-events
setting # threads 8
setting # streams 8
%MSG
%MSG-i ThreadStreamSetup:  (NoModuleName) 17-Jan-2021 21:03:08 CET pre-events
setting # threads 8
setting # streams 8
%MSG
%MSG-i ThreadStreamSetup:  (NoModuleName) 17-Jan-2021 21:03:08 CET pre-events
setting # threads 8
setting # streams 8
%MSG
%MSG-i ThreadStreamSetup:  (NoModuleName) 17-Jan-2021 21:03:08 CET pre-events
setting # threads 8
setting # streams 8
%MSG
%MSG-i ThreadStreamSetup:  (NoModuleName) 17-Jan-2021 23:12:53 CET pre-events
setting # threads 8
setting # streams 8
%MSG
%MSG-i ThreadStreamSetup:  (NoModuleName) 17-Jan-2021 23:12:54 CET pre-events
setting # threads 8
setting # streams 8
%MSG
%MSG-i ThreadStreamSetup:  (NoModuleName) 17-Jan-2021 23:12:57 CET pre-events
setting # threads 8
setting # streams 8
%MSG
%MSG-i ThreadStreamSetup:  (NoModuleName) 17-Jan-2021 23:12:57 CET pre-events
setting # threads 8
setting # streams 8
%MSG
%MSG-i ThreadStreamSetup:  (NoModuleName) 17-Jan-2021 23:12:57 CET pre-events
setting # threads 8
setting # streams 8
%MSG
%MSG-i ThreadStreamSetup:  (NoModuleName) 17-Jan-2021 23:12:57 CET pre-events
setting # threads 8
setting # streams 8
%MSG
%MSG-i ThreadStreamSetup:  (NoModuleName) 17-Jan-2021 23:12:58 CET pre-events
setting # threads 8
setting # streams 8
%MSG
%MSG-i ThreadStreamSetup:  (NoModuleName) 17-Jan-2021 23:12:59 CET pre-events
setting # threads 8
setting # streams 8
%MSG
2021-01-17 23:13:51.191356: I tensorflow/core/platform/cpu_feature_guard.cc:142] This TensorFlow binary is optimized with oneAPI Deep Neural Network Library (oneDNN)to use the following CPU instructions in performance-critical operations:  SSE4.1 SSE4.2 AVX AVX2 AVX512F FMA
To enable them in other operations, rebuild TensorFlow with the appropriate compiler flags.
2021-01-17 23:13:51.191408: I tensorflow/core/platform/cpu_feature_guard.cc:142] This TensorFlow binary is optimized with oneAPI Deep Neural Network Library (oneDNN)to use the following CPU instructions in performance-critical operations:  SSE4.1 SSE4.2 AVX AVX2 AVX512F FMA
To enable them in other operations, rebuild TensorFlow with the appropriate compiler flags.
2021-01-17 23:13:51.191355: I tensorflow/core/platform/cpu_feature_guard.cc:142] This TensorFlow binary is optimized with oneAPI Deep Neural Network Library (oneDNN)to use the following CPU instructions in performance-critical operations:  SSE4.1 SSE4.2 AVX AVX2 AVX512F FMA
To enable them in other operations, rebuild TensorFlow with the appropriate compiler flags.
2021-01-17 23:13:51.192037: I tensorflow/core/platform/cpu_feature_guard.cc:142] This TensorFlow binary is optimized with oneAPI Deep Neural Network Library (oneDNN)to use the following CPU instructions in performance-critical operations:  SSE4.1 SSE4.2 AVX AVX2 AVX512F FMA
To enable them in other operations, rebuild TensorFlow with the appropriate compiler flags.
2021-01-17 23:13:51.192178: I tensorflow/core/platform/cpu_feature_guard.cc:142] This TensorFlow binary is optimized with oneAPI Deep Neural Network Library (oneDNN)to use the following CPU instructions in performance-critical operations:  SSE4.1 SSE4.2 AVX AVX2 AVX512F FMA
To enable them in other operations, rebuild TensorFlow with the appropriate compiler flags.
2021-01-17 23:13:51.192887: I tensorflow/core/platform/cpu_feature_guard.cc:142] This TensorFlow binary is optimized with oneAPI Deep Neural Network Library (oneDNN)to use the following CPU instructions in performance-critical operations:  SSE4.1 SSE4.2 AVX AVX2 AVX512F FMA
To enable them in other operations, rebuild TensorFlow with the appropriate compiler flags.
2021-01-17 23:13:51.196625: I tensorflow/core/platform/cpu_feature_guard.cc:142] This TensorFlow binary is optimized with oneAPI Deep Neural Network Library (oneDNN)to use the following CPU instructions in performance-critical operations:  SSE4.1 SSE4.2 AVX AVX2 AVX512F FMA
To enable them in other operations, rebuild TensorFlow with the appropriate compiler flags.
2021-01-17 23:13:51.200170: I tensorflow/core/platform/cpu_feature_guard.cc:142] This TensorFlow binary is optimized with oneAPI Deep Neural Network Library (oneDNN)to use the following CPU instructions in performance-critical operations:  SSE4.1 SSE4.2 AVX AVX2 AVX512F FMA
To enable them in other operations, rebuild TensorFlow with the appropriate compiler flags.
